[INFO] Scanning for projects...
[INFO] Loaded 22582 auto-discovered prefixes for remote repository central (prefixes-central.txt)
[WARNING] 
[WARNING] 1 problem was encountered while building the effective model for 'com.pharmacy:pharmacy-billing:jar:0.0.1-SNAPSHOT' (use -e to see details)
[WARNING] 
[WARNING] Total model problems reported: 1
[WARNING] 
[WARNING] It is highly recommended to fix these problems because they threaten the stability of your build.
[WARNING] 
[WARNING] For this reason, future Maven versions might no longer support building such malformed projects.
[WARNING] 
[INFO] 
[INFO] -------------------< com.pharmacy:pharmacy-billing >--------------------
[INFO] Building pharmacy-billing 0.0.1-SNAPSHOT
[INFO]   from pom.xml
[INFO] --------------------------------[ jar ]---------------------------------
[INFO] Loaded 74 auto-discovered prefixes for remote repository apache.snapshots (prefixes-apache.snapshots-c1d4c55f9308e5ac18a4069bed41dca64d85c515.txt)
[INFO] 
[INFO] --- clean:3.4.1:clean (default-clean) @ pharmacy-billing ---
[INFO] Deleting C:\Users\KIIT0001\Desktop\SAP Project\pharmacy-billing\backend\target
[INFO] 
[INFO] >>> spring-boot:3.5.0:run (default-cli) > test-compile @ pharmacy-billing >>>
[INFO] 
[INFO] --- enforcer:3.6.1:enforce (enforce-java) @ pharmacy-billing ---
[INFO] Rule 0: org.apache.maven.enforcer.rules.version.RequireJavaVersion passed
[INFO] 
[INFO] --- resources:3.3.1:resources (default-resources) @ pharmacy-billing ---
[INFO] Copying 1 resource from src\main\resources to target\classes
[INFO] Copying 0 resource from src\main\resources to target\classes
[INFO] 
[INFO] --- compiler:3.12.1:compile (default-compile) @ pharmacy-billing ---
[INFO] Recompiling the module because of changed source code.
[INFO] Compiling 9 source files with javac [debug parameters release 17] to target\classes
[INFO] ------------------------------------------------------------------------
[INFO] BUILD FAILURE
[INFO] ------------------------------------------------------------------------
[INFO] Total time:  3.751 s
[INFO] Finished at: 2026-04-21T13:31:19+05:30
[INFO] ------------------------------------------------------------------------
[ERROR] Failed to execute goal org.apache.maven.plugins:maven-compiler-plugin:3.12.1:compile (default-compile) on project pharmacy-billing: Fatal error compiling: java.lang.ExceptionInInitializerError: com.sun.tools.javac.code.TypeTag :: UNKNOWN -> [Help 1]
[ERROR] 
[ERROR] To see the full stack trace of the errors, re-run Maven with the '-e' switch
[ERROR] Re-run Maven using the '-X' switch to enable verbose output
[ERROR] 
[ERROR] For more information about the errors and possible solutions, please read the following articles:
[ERROR] [Help 1] http://cwiki.apache.org/confluence/display/MAVEN/MojoExecutionException
